<?xml version="1.0" encoding="UTF-8"?>
<!-- Generated by org.testng.reporters.JUnitXMLReporter -->
<testsuite ignored="2" hostname="Mohammad-Aqel" failures="0" tests="1" name="Default test" time="23.692" errors="0" timestamp="2024-02-22T22:45:32 EET">
  <testcase classname="AppiumTestCases.MyTestCases" name="MyTestThree" time="23.615"/>
  <testcase classname="AppiumTestCases.MyTestCases" name="MyTestTwo" time="0.0">
    <ignored/>
  </testcase> <!-- MyTestTwo -->
  <testcase classname="AppiumTestCases.MyTestCases" name="MyTestOne" time="0.0">
    <ignored/>
  </testcase> <!-- MyTestOne -->
</testsuite> <!-- Default test -->
