<?xml version="1.0" encoding="UTF-8"?>
<testng-results ignored="2" total="3" passed="1" failed="0" skipped="0">
  <reporter-output>
  </reporter-output>
  <suite started-at="2024-02-22T22:45:09 EET" name="Default suite" finished-at="2024-02-22T22:45:32 EET" duration-ms="23692">
    <groups>
    </groups>
    <test started-at="2024-02-22T22:45:09 EET" name="Default test" finished-at="2024-02-22T22:45:32 EET" duration-ms="23692">
      <class name="AppiumTestCases.MyTestCases">
        <test-method is-config="true" signature="MySetup()[pri:0, instance:AppiumTestCases.MyTestCases@273e7444]" started-at="2024-02-22T22:45:09 EET" name="MySetup" finished-at="2024-02-22T22:45:09 EET" duration-ms="25" status="PASS">
          <reporter-output>
          </reporter-output>
        </test-method> <!-- MySetup -->
        <test-method signature="MyTestThree()[pri:0, instance:AppiumTestCases.MyTestCases@273e7444]" started-at="2024-02-22T22:45:09 EET" name="MyTestThree" finished-at="2024-02-22T22:45:32 EET" duration-ms="23615" status="PASS">
          <reporter-output>
          </reporter-output>
        </test-method> <!-- MyTestThree -->
        <test-method is-config="true" signature="MyPostTesting()[pri:0, instance:AppiumTestCases.MyTestCases@273e7444]" started-at="2024-02-22T22:45:32 EET" name="MyPostTesting" finished-at="2024-02-22T22:45:32 EET" duration-ms="0" status="PASS">
          <reporter-output>
          </reporter-output>
        </test-method> <!-- MyPostTesting -->
      </class> <!-- AppiumTestCases.MyTestCases -->
    </test> <!-- Default test -->
  </suite> <!-- Default suite -->
</testng-results>
